#
# A fatal error has been detected by the Java Runtime Environment:
#
#  Internal Error (classFileParser.cpp:3494), pid=6772, tid=3956
#  Error: ShouldNotReachHere()
#
# JRE version: 6.0_45-b06
# Java VM: Java HotSpot(TM) 64-Bit Server VM (20.45-b01 mixed mode windows-amd64 compressed oops)
# If you would like to submit a bug report, please visit:
#   http://java.sun.com/webapps/bugreport/crash.jsp
#

---------------  T H R E A D  ---------------

Current thread (0x000000000062b000):  JavaThread "Unknown thread" [_thread_in_vm, id=3956, stack(0x0000000002450000,0x0000000002550000)]

Stack: [0x0000000002450000,0x0000000002550000]
[error occurred during error reporting (printing stack bounds), id 0xc0000005]


---------------  P R O C E S S  ---------------

Java Threads: ( => current thread )

Other Threads:

=>0x000000000062b000 (exited) JavaThread "Unknown thread" [_thread_in_vm, id=3956, stack(0x0000000002450000,0x0000000002550000)]

VM state:not at safepoint (not fully initialized)

VM Mutex/Monitor currently owned by a thread: None

Dynamic libraries:
0x0000000000400000 - 0x000000000042f000 	C:\Program Files\Java\jre6\bin\javaw.exe
0x0000000077100000 - 0x00000000772a9000 	C:\Windows\SYSTEM32\ntdll.dll
0x0000000076e90000 - 0x0000000076faf000 	C:\Windows\system32\kernel32.dll
0x000007fefd7c0000 - 0x000007fefd82c000 	C:\Windows\system32\KERNELBASE.dll
0x000007fefd9c0000 - 0x000007fefda9b000 	C:\Windows\system32\ADVAPI32.dll
0x000007feff2f0000 - 0x000007feff38f000 	C:\Windows\system32\msvcrt.dll
0x000007fefedf0000 - 0x000007fefee0f000 	C:\Windows\SYSTEM32\sechost.dll
0x000007fefeeb0000 - 0x000007fefefdd000 	C:\Windows\system32\RPCRT4.dll
0x0000000076d90000 - 0x0000000076e8a000 	C:\Windows\system32\USER32.dll
0x000007feff3a0000 - 0x000007feff407000 	C:\Windows\system32\GDI32.dll
0x000007fefd930000 - 0x000007fefd93e000 	C:\Windows\system32\LPK.dll
0x000007fefea00000 - 0x000007fefeac9000 	C:\Windows\system32\USP10.dll
0x000007fefeb30000 - 0x000007fefeb5e000 	C:\Windows\system32\IMM32.DLL
0x000007feff1c0000 - 0x000007feff2c9000 	C:\Windows\system32\MSCTF.dll
0x000000006d830000 - 0x000000006dfec000 	C:\Program Files\Java\jre6\bin\server\jvm.dll
0x000007fefb730000 - 0x000007fefb76b000 	C:\Windows\system32\WINMM.dll
0x000000006d7a0000 - 0x000000006d7ae000 	C:\Program Files\Java\jre6\bin\verify.dll
0x000000006d3c0000 - 0x000000006d3e7000 	C:\Program Files\Java\jre6\bin\java.dll
0x000000006d7f0000 - 0x000000006d802000 	C:\Program Files\Java\jre6\bin\zip.dll
0x00000000772d0000 - 0x00000000772d7000 	C:\Windows\system32\PSAPI.DLL

VM Arguments:
jvm_args: -Dfile.encoding=UTF-8 -Xbootclasspath:D:\android\sdk\platforms\android-19\android.jar 
java_command: com.shizy.android.demo.MainActivity
Launcher Type: SUN_STANDARD

Environment Variables:
JAVA_HOME="C:\Program Files\Java\jdk1.6.0_45"
PATH=C:/Program Files/Java/jre1.8.0_25/bin/server;C:/Program Files/Java/jre1.8.0_25/bin;C:/Program Files/Java/jre1.8.0_25/lib/amd64;D:\Python27\;D:\Python27\Scripts;C:\ProgramData\Oracle\Java\javapath;D:\Program Files\SlickEditV18.0.1 x64\win\;C:\Windows\system32;C:\Windows;C:\Windows\System32\Wbem;C:\Windows\System32\WindowsPowerShell\v1.0\;C:\Program Files (x86)\Intel\OpenCL SDK\3.0\bin\x86;C:\Program Files (x86)\Intel\OpenCL SDK\3.0\bin\x64;C:\Program Files\TortoiseSVN\bin;D:\GNUstep\bin;D:\GNUstep\GNUstep\System\Tools;C:\Program Files\Java\jdk1.8.0_25\bin;C:\Users\shizhongyong\.gradle\wrapper\dists\gradle-1.12-all\2apkk7d25miauqf1pdjp1bm0uo\gradle-1.12\bin;D:\android\eclipse;
USERNAME=shizhongyong
OS=Windows_NT
PROCESSOR_IDENTIFIER=Intel64 Family 6 Model 58 Stepping 9, GenuineIntel



---------------  S Y S T E M  ---------------

OS: Windows 7 , 64 bit Build 7601 Service Pack 1

CPU:total 4 (2 cores per cpu, 2 threads per core) family 6 model 58 stepping 9, cmov, cx8, fxsr, mmx, sse, sse2, sse3, ssse3, sse4.1, sse4.2, popcnt, ht

Memory: 4k page, physical 3878876k(920364k free), swap 7755892k(4235036k free)

vm_info: Java HotSpot(TM) 64-Bit Server VM (20.45-b01) for windows-amd64 JRE (1.6.0_45-b06), built on Apr  1 2013 12:31:37 by "java_re" with MS VC++ 8.0 (VS2005)

time: Wed Jan 21 11:13:10 2015
elapsed time: 0 seconds

